<?xml version="1.0" encoding="UTF-8"?>
<testng-results ignored="0" total="2" passed="2" failed="0" skipped="0">
  <reporter-output>
  </reporter-output>
  <suite started-at="2021-03-31T14:41:04 AEDT" name="Default suite" finished-at="2021-03-31T14:41:20 AEDT" duration-ms="15588">
    <groups>
    </groups>
    <test started-at="2021-03-31T14:41:04 AEDT" name="Default test" finished-at="2021-03-31T14:41:20 AEDT" duration-ms="15588">
      <class name="com.store.qa.testcases.LoginTest">
        <test-method is-config="true" signature="setup()[pri:0, instance:com.store.qa.testcases.LoginTest@4ac3c60d]" started-at="2021-03-31T14:41:04 AEDT" name="setup" finished-at="2021-03-31T14:41:11 AEDT" duration-ms="7031" status="PASS">
          <reporter-output>
          </reporter-output>
        </test-method> <!-- setup -->
        <test-method signature="checkTitle()[pri:0, instance:com.store.qa.testcases.LoginTest@4ac3c60d]" started-at="2021-03-31T14:41:11 AEDT" name="checkTitle" finished-at="2021-03-31T14:41:15 AEDT" duration-ms="3697" status="PASS">
          <reporter-output>
          </reporter-output>
        </test-method> <!-- checkTitle -->
        <test-method signature="login_account()[pri:2, instance:com.store.qa.testcases.LoginTest@4ac3c60d]" started-at="2021-03-31T14:41:15 AEDT" name="login_account" finished-at="2021-03-31T14:41:20 AEDT" duration-ms="4799" status="PASS">
          <reporter-output>
          </reporter-output>
        </test-method> <!-- login_account -->
      </class> <!-- com.store.qa.testcases.LoginTest -->
    </test> <!-- Default test -->
  </suite> <!-- Default suite -->
</testng-results>
