<?xml version="1.0" encoding="UTF-8"?>
<testng-results ignored="0" total="2" passed="2" failed="0" skipped="0">
  <reporter-output>
  </reporter-output>
  <suite started-at="2021-03-30T16:00:07 AEDT" name="Default suite" finished-at="2021-03-30T16:01:07 AEDT" duration-ms="59794">
    <groups>
    </groups>
    <test started-at="2021-03-30T16:00:07 AEDT" name="Default test" finished-at="2021-03-30T16:01:07 AEDT" duration-ms="59794">
      <class name="com.store.qa.testcases.RegisterTest">
        <test-method is-config="true" signature="setup()[pri:0, instance:com.store.qa.testcases.RegisterTest@481a996b]" started-at="2021-03-30T16:00:07 AEDT" name="setup" finished-at="2021-03-30T16:00:17 AEDT" duration-ms="9876" status="PASS">
          <reporter-output>
          </reporter-output>
        </test-method> <!-- setup -->
        <test-method signature="NEWRegister(java.lang.String, java.lang.String, java.lang.String, java.lang.String, java.lang.String, java.lang.String)[pri:0, instance:com.store.qa.testcases.RegisterTest@481a996b]" started-at="2021-03-30T16:00:18 AEDT" name="NEWRegister" data-provider="reg" finished-at="2021-03-30T16:00:43 AEDT" duration-ms="25057" status="PASS">
          <params>
            <param index="0">
              <value>
                <![CDATA[pinkym]]>
              </value>
            </param>
            <param index="1">
              <value>
                <![CDATA[Kakkassery]]>
              </value>
            </param>
            <param index="2">
              <value>
                <![CDATA[pimgggggk@gmail.com]]>
              </value>
            </param>
            <param index="3">
              <value>
                <![CDATA[4695400.0]]>
              </value>
            </param>
            <param index="4">
              <value>
                <![CDATA[p1234]]>
              </value>
            </param>
            <param index="5">
              <value>
                <![CDATA[p1234]]>
              </value>
            </param>
          </params>
          <reporter-output>
          </reporter-output>
        </test-method> <!-- NEWRegister -->
        <test-method signature="NEWRegister(java.lang.String, java.lang.String, java.lang.String, java.lang.String, java.lang.String, java.lang.String)[pri:0, instance:com.store.qa.testcases.RegisterTest@481a996b]" started-at="2021-03-30T16:00:43 AEDT" name="NEWRegister" data-provider="reg" finished-at="2021-03-30T16:01:07 AEDT" duration-ms="23736" status="PASS">
          <params>
            <param index="0">
              <value>
                <![CDATA[harrym]]>
              </value>
            </param>
            <param index="1">
              <value>
                <![CDATA[Kakkassery]]>
              </value>
            </param>
            <param index="2">
              <value>
                <![CDATA[pngggggggnoh@gmail.com]]>
              </value>
            </param>
            <param index="3">
              <value>
                <![CDATA[4.695854E8]]>
              </value>
            </param>
            <param index="4">
              <value>
                <![CDATA[h1234]]>
              </value>
            </param>
            <param index="5">
              <value>
                <![CDATA[h1234]]>
              </value>
            </param>
          </params>
          <reporter-output>
          </reporter-output>
        </test-method> <!-- NEWRegister -->
      </class> <!-- com.store.qa.testcases.RegisterTest -->
    </test> <!-- Default test -->
  </suite> <!-- Default suite -->
</testng-results>
